<?xml version="1.0" encoding="UTF-8"?>
<!-- Generated by org.testng.reporters.JUnitReportReporter -->
<testsuite hostname="DESKTOP-7R54CV9" failures="0" tests="1" name="com.qa.pagetests.RegistrationPageTest" time="29.962" errors="0" timestamp="2022-08-25T20:39:35 IST" skipped="0">
  <testcase classname="com.qa.pagetests.RegistrationPageTest" name="userRegistration" time="29.962"/>
  <system-out/>
</testsuite> <!-- com.qa.pagetests.RegistrationPageTest -->
