<?xml version="1.0" encoding="UTF-8"?>
<!-- Generated by org.testng.reporters.JUnitReportReporter -->
<testsuite hostname="DESKTOP-S7SOFT1" failures="0" tests="1" name="com.qa.pagetests.HomePageTest" time="33.581" errors="0" timestamp="2022-08-26T17:03:20 IST" skipped="0">
  <testcase classname="com.qa.pagetests.HomePageTest" name="clickonGender" time="33.581"/>
  <system-out/>
</testsuite> <!-- com.qa.pagetests.HomePageTest -->
