<?xml version="1.0" encoding="UTF-8"?>
<!-- Generated by org.testng.reporters.JUnitReportReporter -->
<testsuite hostname="DESKTOP-7R54CV9" failures="0" tests="1" name="com.qa.pagetests.HomePageTest" time="9.376" errors="0" timestamp="2022-08-22T22:41:53 IST" skipped="0">
  <testcase classname="com.qa.pagetests.HomePageTest" name="clickonRegister" time="9.376"/>
  <system-out/>
</testsuite> <!-- com.qa.pagetests.HomePageTest -->
